<?xml version="1.0" encoding="UTF-8"?>
<!-- Generated by org.testng.reporters.JUnitXMLReporter -->
<testsuite ignored="0" hostname="DESKTOP-O50RH93" failures="1" tests="2" name="Login Tests" time="0.115" errors="0" timestamp="2026-02-07T12:24:09 IST">
  <testcase classname="com.example.LoginTest" name="invalidLogin" time="0.028">
    <failure type="java.lang.AssertionError" message="expected [true] but found [false]">
      <![CDATA[java.lang.AssertionError: expected [true] but found [false]
at com.example.LoginTest.invalidLogin(LoginTest.java:16)
at java.base/java.util.ArrayList.forEach(ArrayList.java:1596)
... Removed 29 stack frames]]>
    </failure>
  </testcase> <!-- invalidLogin -->
  <testcase classname="com.example.LoginTest" name="validLogin" time="0.005"/>
</testsuite> <!-- Login Tests -->
