<?xml version="1.0" encoding="UTF-8"?>
<testng-results ignored="0" total="2" passed="2" failed="0" skipped="0">
  <reporter-output>
  </reporter-output>
  <suite started-at="2026-02-07T13:31:09 IST" name="Jenkins TestNG Suite" finished-at="2026-02-07T13:31:09 IST" duration-ms="74">
    <groups>
    </groups>
    <test started-at="2026-02-07T13:31:09 IST" name="Login Tests" finished-at="2026-02-07T13:31:09 IST" duration-ms="74">
      <class name="com.example.LoginTest">
        <test-method signature="invalidLogin()[pri:0, instance:com.example.LoginTest@1f3f4916]" started-at="2026-02-07T13:31:09 IST" name="invalidLogin" finished-at="2026-02-07T13:31:09 IST" duration-ms="10" status="PASS">
          <reporter-output>
          </reporter-output>
        </test-method> <!-- invalidLogin -->
        <test-method signature="validLogin()[pri:0, instance:com.example.LoginTest@1f3f4916]" started-at="2026-02-07T13:31:09 IST" name="validLogin" finished-at="2026-02-07T13:31:09 IST" duration-ms="2" status="PASS">
          <reporter-output>
          </reporter-output>
        </test-method> <!-- validLogin -->
      </class> <!-- com.example.LoginTest -->
    </test> <!-- Login Tests -->
  </suite> <!-- Jenkins TestNG Suite -->
</testng-results>
